2021-12-28 11:12:43,535 INFO org.springframework.orm.jpa.AbstractEntityManagerFactoryBean [SpringApplicationShutdownHook] Closing JPA EntityManagerFactory for persistence unit 'default'
2021-12-28 11:12:43,536 INFO org.hibernate.tool.schema.internal.SchemaDropperImpl$DelayedDropActionImpl [SpringApplicationShutdownHook] HHH000477: Starting delayed evictData of schema as part of SessionFactory shut-down'
2021-12-28 11:12:43,582 INFO com.zaxxer.hikari.HikariDataSource [SpringApplicationShutdownHook] HikariPool-1 - Shutdown initiated...
2021-12-28 11:12:43,588 INFO com.zaxxer.hikari.HikariDataSource [SpringApplicationShutdownHook] HikariPool-1 - Shutdown completed.
2021-12-28 11:12:50,561 INFO org.springframework.boot.StartupInfoLogger [restartedMain] Starting UniversidadesRestApplication using Java 11.0.8 on manuel with PID 18309 (/home/manuelr/IBM/universidades-rest/target/classes started by manuelr in /home/manuelr/IBM/universidades-rest)
2021-12-28 11:12:50,575 INFO org.springframework.boot.SpringApplication [restartedMain] No active profile set, falling back to default profiles: default
2021-12-28 11:12:50,597 INFO org.hibernate.validator.internal.util.Version [background-preinit] HV000001: Hibernate Validator 6.2.0.Final
2021-12-28 11:12:50,718 INFO org.springframework.boot.logging.DeferredLog [restartedMain] Devtools property defaults active! Set 'spring.devtools.add-properties' to 'false' to disable
2021-12-28 11:12:50,719 INFO org.springframework.boot.logging.DeferredLog [restartedMain] For additional web related logging consider setting the 'logging.level.web' property to 'DEBUG'
2021-12-28 11:12:52,061 INFO org.springframework.data.repository.config.RepositoryConfigurationDelegate [restartedMain] Bootstrapping Spring Data JPA repositories in DEFAULT mode.
2021-12-28 11:12:52,124 INFO org.springframework.data.repository.config.RepositoryConfigurationDelegate [restartedMain] Finished Spring Data repository scanning in 53 ms. Found 6 JPA repository interfaces.
2021-12-28 11:12:52,676 INFO org.springframework.boot.web.embedded.tomcat.TomcatWebServer [restartedMain] Tomcat initialized with port(s): 8080 (http)
2021-12-28 11:12:52,684 INFO org.apache.juli.logging.DirectJDKLog [restartedMain] Initializing ProtocolHandler ["http-nio-8080"]
2021-12-28 11:12:52,684 INFO org.apache.juli.logging.DirectJDKLog [restartedMain] Starting service [Tomcat]
2021-12-28 11:12:52,685 INFO org.apache.juli.logging.DirectJDKLog [restartedMain] Starting Servlet engine: [Apache Tomcat/9.0.55]
2021-12-28 11:12:52,753 INFO org.apache.juli.logging.DirectJDKLog [restartedMain] Initializing Spring embedded WebApplicationContext
2021-12-28 11:12:52,753 INFO org.springframework.boot.web.servlet.context.ServletWebServerApplicationContext [restartedMain] Root WebApplicationContext: initialization completed in 2033 ms
2021-12-28 11:12:52,859 INFO org.hibernate.jpa.internal.util.LogHelper [restartedMain] HHH000204: Processing PersistenceUnitInfo [name: default]
2021-12-28 11:12:52,885 INFO org.hibernate.Version [restartedMain] HHH000412: Hibernate ORM core version 5.4.32.Final
2021-12-28 11:12:52,946 INFO org.hibernate.annotations.common.reflection.java.JavaReflectionManager [restartedMain] HCANN000001: Hibernate Commons Annotations {5.1.2.Final}
2021-12-28 11:12:53,002 INFO com.zaxxer.hikari.HikariDataSource [restartedMain] HikariPool-1 - Starting...
2021-12-28 11:12:53,056 INFO com.zaxxer.hikari.HikariDataSource [restartedMain] HikariPool-1 - Start completed.
2021-12-28 11:12:53,070 INFO org.hibernate.dialect.Dialect [restartedMain] HHH000400: Using dialect: org.hibernate.dialect.PostgreSQL10Dialect
2021-12-28 11:12:53,655 WARN org.hibernate.engine.jdbc.spi.SqlExceptionHelper$StandardWarningHandler [restartedMain] SQL Warning Code: 0, SQLState: 00000
2021-12-28 11:12:53,655 WARN org.hibernate.engine.jdbc.spi.SqlExceptionHelper$StandardWarningHandler [restartedMain] relation "alumnos" does not exist, skipping
2021-12-28 11:12:53,656 WARN org.hibernate.engine.jdbc.spi.SqlExceptionHelper$StandardWarningHandler [restartedMain] SQL Warning Code: 0, SQLState: 00000
2021-12-28 11:12:53,656 WARN org.hibernate.engine.jdbc.spi.SqlExceptionHelper$StandardWarningHandler [restartedMain] relation "alumnos" does not exist, skipping
2021-12-28 11:12:53,657 WARN org.hibernate.engine.jdbc.spi.SqlExceptionHelper$StandardWarningHandler [restartedMain] SQL Warning Code: 0, SQLState: 00000
2021-12-28 11:12:53,658 WARN org.hibernate.engine.jdbc.spi.SqlExceptionHelper$StandardWarningHandler [restartedMain] relation "aulas" does not exist, skipping
2021-12-28 11:12:53,658 WARN org.hibernate.engine.jdbc.spi.SqlExceptionHelper$StandardWarningHandler [restartedMain] SQL Warning Code: 0, SQLState: 00000
2021-12-28 11:12:53,659 WARN org.hibernate.engine.jdbc.spi.SqlExceptionHelper$StandardWarningHandler [restartedMain] relation "empleados" does not exist, skipping
2021-12-28 11:12:53,660 WARN org.hibernate.engine.jdbc.spi.SqlExceptionHelper$StandardWarningHandler [restartedMain] SQL Warning Code: 0, SQLState: 00000
2021-12-28 11:12:53,661 WARN org.hibernate.engine.jdbc.spi.SqlExceptionHelper$StandardWarningHandler [restartedMain] relation "empleados" does not exist, skipping
2021-12-28 11:12:53,661 WARN org.hibernate.engine.jdbc.spi.SqlExceptionHelper$StandardWarningHandler [restartedMain] SQL Warning Code: 0, SQLState: 00000
2021-12-28 11:12:53,662 WARN org.hibernate.engine.jdbc.spi.SqlExceptionHelper$StandardWarningHandler [restartedMain] relation "profesor_carrera" does not exist, skipping
2021-12-28 11:12:53,662 WARN org.hibernate.engine.jdbc.spi.SqlExceptionHelper$StandardWarningHandler [restartedMain] SQL Warning Code: 0, SQLState: 00000
2021-12-28 11:12:53,663 WARN org.hibernate.engine.jdbc.spi.SqlExceptionHelper$StandardWarningHandler [restartedMain] relation "profesor_carrera" does not exist, skipping
2021-12-28 11:12:53,663 WARN org.hibernate.engine.jdbc.spi.SqlExceptionHelper$StandardWarningHandler [restartedMain] SQL Warning Code: 0, SQLState: 00000
2021-12-28 11:12:53,664 WARN org.hibernate.engine.jdbc.spi.SqlExceptionHelper$StandardWarningHandler [restartedMain] relation "profesores" does not exist, skipping
2021-12-28 11:12:53,665 WARN org.hibernate.engine.jdbc.spi.SqlExceptionHelper$StandardWarningHandler [restartedMain] SQL Warning Code: 0, SQLState: 00000
2021-12-28 11:12:53,665 WARN org.hibernate.engine.jdbc.spi.SqlExceptionHelper$StandardWarningHandler [restartedMain] table "alumnos" does not exist, skipping
2021-12-28 11:12:53,666 WARN org.hibernate.engine.jdbc.spi.SqlExceptionHelper$StandardWarningHandler [restartedMain] SQL Warning Code: 0, SQLState: 00000
2021-12-28 11:12:53,666 WARN org.hibernate.engine.jdbc.spi.SqlExceptionHelper$StandardWarningHandler [restartedMain] table "aulas" does not exist, skipping
2021-12-28 11:12:53,667 WARN org.hibernate.engine.jdbc.spi.SqlExceptionHelper$StandardWarningHandler [restartedMain] SQL Warning Code: 0, SQLState: 00000
2021-12-28 11:12:53,667 WARN org.hibernate.engine.jdbc.spi.SqlExceptionHelper$StandardWarningHandler [restartedMain] table "carreras" does not exist, skipping
2021-12-28 11:12:53,668 WARN org.hibernate.engine.jdbc.spi.SqlExceptionHelper$StandardWarningHandler [restartedMain] SQL Warning Code: 0, SQLState: 00000
2021-12-28 11:12:53,668 WARN org.hibernate.engine.jdbc.spi.SqlExceptionHelper$StandardWarningHandler [restartedMain] table "empleados" does not exist, skipping
2021-12-28 11:12:53,669 WARN org.hibernate.engine.jdbc.spi.SqlExceptionHelper$StandardWarningHandler [restartedMain] SQL Warning Code: 0, SQLState: 00000
2021-12-28 11:12:53,669 WARN org.hibernate.engine.jdbc.spi.SqlExceptionHelper$StandardWarningHandler [restartedMain] table "pabellones" does not exist, skipping
2021-12-28 11:12:53,670 WARN org.hibernate.engine.jdbc.spi.SqlExceptionHelper$StandardWarningHandler [restartedMain] SQL Warning Code: 0, SQLState: 00000
2021-12-28 11:12:53,670 WARN org.hibernate.engine.jdbc.spi.SqlExceptionHelper$StandardWarningHandler [restartedMain] table "personas" does not exist, skipping
