2021-12-28 11:14:21,102 INFO org.springframework.orm.jpa.AbstractEntityManagerFactoryBean [SpringApplicationShutdownHook] Closing JPA EntityManagerFactory for persistence unit 'default'
2021-12-28 11:14:21,103 INFO org.hibernate.tool.schema.internal.SchemaDropperImpl$DelayedDropActionImpl [SpringApplicationShutdownHook] HHH000477: Starting delayed evictData of schema as part of SessionFactory shut-down'
2021-12-28 11:14:21,140 INFO com.zaxxer.hikari.HikariDataSource [SpringApplicationShutdownHook] HikariPool-1 - Shutdown initiated...
2021-12-28 11:14:21,148 INFO com.zaxxer.hikari.HikariDataSource [SpringApplicationShutdownHook] HikariPool-1 - Shutdown completed.
2021-12-28 11:14:25,078 INFO org.springframework.boot.StartupInfoLogger [restartedMain] Starting UniversidadesRestApplication using Java 11.0.8 on manuel with PID 19382 (/home/manuelr/IBM/universidades-rest/target/classes started by manuelr in /home/manuelr/IBM/universidades-rest)
2021-12-28 11:14:25,081 INFO org.springframework.boot.SpringApplication [restartedMain] No active profile set, falling back to default profiles: default
2021-12-28 11:14:25,100 INFO org.hibernate.validator.internal.util.Version [background-preinit] HV000001: Hibernate Validator 6.2.0.Final
2021-12-28 11:14:25,137 INFO org.springframework.boot.logging.DeferredLog [restartedMain] Devtools property defaults active! Set 'spring.devtools.add-properties' to 'false' to disable
2021-12-28 11:14:25,138 INFO org.springframework.boot.logging.DeferredLog [restartedMain] For additional web related logging consider setting the 'logging.level.web' property to 'DEBUG'
2021-12-28 11:14:26,134 INFO org.springframework.data.repository.config.RepositoryConfigurationDelegate [restartedMain] Bootstrapping Spring Data JPA repositories in DEFAULT mode.
2021-12-28 11:14:26,188 INFO org.springframework.data.repository.config.RepositoryConfigurationDelegate [restartedMain] Finished Spring Data repository scanning in 48 ms. Found 6 JPA repository interfaces.
2021-12-28 11:14:26,652 INFO org.springframework.boot.web.embedded.tomcat.TomcatWebServer [restartedMain] Tomcat initialized with port(s): 8080 (http)
2021-12-28 11:14:26,659 INFO org.apache.juli.logging.DirectJDKLog [restartedMain] Initializing ProtocolHandler ["http-nio-8080"]
2021-12-28 11:14:26,660 INFO org.apache.juli.logging.DirectJDKLog [restartedMain] Starting service [Tomcat]
2021-12-28 11:14:26,660 INFO org.apache.juli.logging.DirectJDKLog [restartedMain] Starting Servlet engine: [Apache Tomcat/9.0.55]
2021-12-28 11:14:26,722 INFO org.apache.juli.logging.DirectJDKLog [restartedMain] Initializing Spring embedded WebApplicationContext
2021-12-28 11:14:26,722 INFO org.springframework.boot.web.servlet.context.ServletWebServerApplicationContext [restartedMain] Root WebApplicationContext: initialization completed in 1584 ms
2021-12-28 11:14:26,824 INFO org.hibernate.jpa.internal.util.LogHelper [restartedMain] HHH000204: Processing PersistenceUnitInfo [name: default]
2021-12-28 11:14:26,849 INFO org.hibernate.Version [restartedMain] HHH000412: Hibernate ORM core version 5.4.32.Final
2021-12-28 11:14:26,910 INFO org.hibernate.annotations.common.reflection.java.JavaReflectionManager [restartedMain] HCANN000001: Hibernate Commons Annotations {5.1.2.Final}
2021-12-28 11:14:26,970 INFO com.zaxxer.hikari.HikariDataSource [restartedMain] HikariPool-1 - Starting...
2021-12-28 11:14:27,020 INFO com.zaxxer.hikari.HikariDataSource [restartedMain] HikariPool-1 - Start completed.
2021-12-28 11:14:27,032 INFO org.hibernate.dialect.Dialect [restartedMain] HHH000400: Using dialect: org.hibernate.dialect.PostgreSQL10Dialect
2021-12-28 11:14:27,622 WARN org.hibernate.engine.jdbc.spi.SqlExceptionHelper$StandardWarningHandler [restartedMain] SQL Warning Code: 0, SQLState: 00000
2021-12-28 11:14:27,622 WARN org.hibernate.engine.jdbc.spi.SqlExceptionHelper$StandardWarningHandler [restartedMain] relation "alumnos" does not exist, skipping
2021-12-28 11:14:27,623 WARN org.hibernate.engine.jdbc.spi.SqlExceptionHelper$StandardWarningHandler [restartedMain] SQL Warning Code: 0, SQLState: 00000
2021-12-28 11:14:27,623 WARN org.hibernate.engine.jdbc.spi.SqlExceptionHelper$StandardWarningHandler [restartedMain] relation "alumnos" does not exist, skipping
2021-12-28 11:14:27,624 WARN org.hibernate.engine.jdbc.spi.SqlExceptionHelper$StandardWarningHandler [restartedMain] SQL Warning Code: 0, SQLState: 00000
2021-12-28 11:14:27,625 WARN org.hibernate.engine.jdbc.spi.SqlExceptionHelper$StandardWarningHandler [restartedMain] relation "aulas" does not exist, skipping
2021-12-28 11:14:27,625 WARN org.hibernate.engine.jdbc.spi.SqlExceptionHelper$StandardWarningHandler [restartedMain] SQL Warning Code: 0, SQLState: 00000
2021-12-28 11:14:27,626 WARN org.hibernate.engine.jdbc.spi.SqlExceptionHelper$StandardWarningHandler [restartedMain] relation "empleados" does not exist, skipping
2021-12-28 11:14:27,626 WARN org.hibernate.engine.jdbc.spi.SqlExceptionHelper$StandardWarningHandler [restartedMain] SQL Warning Code: 0, SQLState: 00000
2021-12-28 11:14:27,627 WARN org.hibernate.engine.jdbc.spi.SqlExceptionHelper$StandardWarningHandler [restartedMain] relation "empleados" does not exist, skipping
2021-12-28 11:14:27,627 WARN org.hibernate.engine.jdbc.spi.SqlExceptionHelper$StandardWarningHandler [restartedMain] SQL Warning Code: 0, SQLState: 00000
2021-12-28 11:14:27,627 WARN org.hibernate.engine.jdbc.spi.SqlExceptionHelper$StandardWarningHandler [restartedMain] relation "profesor_carrera" does not exist, skipping
2021-12-28 11:14:27,628 WARN org.hibernate.engine.jdbc.spi.SqlExceptionHelper$StandardWarningHandler [restartedMain] SQL Warning Code: 0, SQLState: 00000
2021-12-28 11:14:27,628 WARN org.hibernate.engine.jdbc.spi.SqlExceptionHelper$StandardWarningHandler [restartedMain] relation "profesor_carrera" does not exist, skipping
2021-12-28 11:14:27,629 WARN org.hibernate.engine.jdbc.spi.SqlExceptionHelper$StandardWarningHandler [restartedMain] SQL Warning Code: 0, SQLState: 00000
2021-12-28 11:14:27,629 WARN org.hibernate.engine.jdbc.spi.SqlExceptionHelper$StandardWarningHandler [restartedMain] relation "profesores" does not exist, skipping
2021-12-28 11:14:27,630 WARN org.hibernate.engine.jdbc.spi.SqlExceptionHelper$StandardWarningHandler [restartedMain] SQL Warning Code: 0, SQLState: 00000
2021-12-28 11:14:27,631 WARN org.hibernate.engine.jdbc.spi.SqlExceptionHelper$StandardWarningHandler [restartedMain] table "alumnos" does not exist, skipping
2021-12-28 11:14:27,632 WARN org.hibernate.engine.jdbc.spi.SqlExceptionHelper$StandardWarningHandler [restartedMain] SQL Warning Code: 0, SQLState: 00000
2021-12-28 11:14:27,632 WARN org.hibernate.engine.jdbc.spi.SqlExceptionHelper$StandardWarningHandler [restartedMain] table "aulas" does not exist, skipping
2021-12-28 11:14:27,633 WARN org.hibernate.engine.jdbc.spi.SqlExceptionHelper$StandardWarningHandler [restartedMain] SQL Warning Code: 0, SQLState: 00000
2021-12-28 11:14:27,633 WARN org.hibernate.engine.jdbc.spi.SqlExceptionHelper$StandardWarningHandler [restartedMain] table "carreras" does not exist, skipping
2021-12-28 11:14:27,634 WARN org.hibernate.engine.jdbc.spi.SqlExceptionHelper$StandardWarningHandler [restartedMain] SQL Warning Code: 0, SQLState: 00000
2021-12-28 11:14:27,634 WARN org.hibernate.engine.jdbc.spi.SqlExceptionHelper$StandardWarningHandler [restartedMain] table "empleados" does not exist, skipping
2021-12-28 11:14:27,634 WARN org.hibernate.engine.jdbc.spi.SqlExceptionHelper$StandardWarningHandler [restartedMain] SQL Warning Code: 0, SQLState: 00000
2021-12-28 11:14:27,634 WARN org.hibernate.engine.jdbc.spi.SqlExceptionHelper$StandardWarningHandler [restartedMain] table "pabellones" does not exist, skipping
2021-12-28 11:14:27,635 WARN org.hibernate.engine.jdbc.spi.SqlExceptionHelper$StandardWarningHandler [restartedMain] SQL Warning Code: 0, SQLState: 00000
2021-12-28 11:14:27,635 WARN org.hibernate.engine.jdbc.spi.SqlExceptionHelper$StandardWarningHandler [restartedMain] table "personas" does not exist, skipping
