2021-12-29 08:27:00,508 WARN org.hibernate.engine.jdbc.spi.SqlExceptionHelper$StandardWarningHandler [restartedMain] SQL Warning Code: 0, SQLState: 00000
2021-12-29 08:27:00,509 WARN org.hibernate.engine.jdbc.spi.SqlExceptionHelper$StandardWarningHandler [restartedMain] table "profesor_carrera" does not exist, skipping
2021-12-29 08:27:00,509 WARN org.hibernate.engine.jdbc.spi.SqlExceptionHelper$StandardWarningHandler [restartedMain] SQL Warning Code: 0, SQLState: 00000
2021-12-29 08:27:00,509 WARN org.hibernate.engine.jdbc.spi.SqlExceptionHelper$StandardWarningHandler [restartedMain] table "profesores" does not exist, skipping
2021-12-29 08:27:00,510 WARN org.hibernate.engine.jdbc.spi.SqlExceptionHelper$StandardWarningHandler [restartedMain] SQL Warning Code: 0, SQLState: 00000
2021-12-29 08:27:00,510 WARN org.hibernate.engine.jdbc.spi.SqlExceptionHelper$StandardWarningHandler [restartedMain] sequence "aula_id_seq" does not exist, skipping
2021-12-29 08:27:00,510 WARN org.hibernate.engine.jdbc.spi.SqlExceptionHelper$StandardWarningHandler [restartedMain] SQL Warning Code: 0, SQLState: 00000
2021-12-29 08:27:00,511 WARN org.hibernate.engine.jdbc.spi.SqlExceptionHelper$StandardWarningHandler [restartedMain] sequence "pabellon_id_seq" does not exist, skipping
2021-12-29 08:27:00,511 WARN org.hibernate.engine.jdbc.spi.SqlExceptionHelper$StandardWarningHandler [restartedMain] SQL Warning Code: 0, SQLState: 00000
2021-12-29 08:27:00,511 WARN org.hibernate.engine.jdbc.spi.SqlExceptionHelper$StandardWarningHandler [restartedMain] sequence "persona_id_seq" does not exist, skipping
2021-12-29 08:27:00,617 INFO org.hibernate.tool.schema.internal.exec.AbstractScriptSourceInput [restartedMain] HHH000476: Executing import script 'file:/home/manuelr/IBM/universidades-rest/target/classes/import.sql'
2021-12-29 08:27:00,675 INFO org.hibernate.engine.transaction.jta.platform.internal.JtaPlatformInitiator [restartedMain] HHH000490: Using JtaPlatform implementation: [org.hibernate.engine.transaction.jta.platform.internal.NoJtaPlatform]
2021-12-29 08:27:00,689 INFO org.springframework.orm.jpa.AbstractEntityManagerFactoryBean [restartedMain] Initialized JPA EntityManagerFactory for persistence unit 'default'
2021-12-29 08:27:01,422 WARN org.springframework.boot.autoconfigure.orm.jpa.JpaBaseConfiguration$JpaWebConfiguration [restartedMain] spring.jpa.open-in-view is enabled by default. Therefore, database queries may be performed during view rendering. Explicitly configure spring.jpa.open-in-view to disable this warning
2021-12-29 08:27:01,635 INFO org.springframework.boot.devtools.autoconfigure.OptionalLiveReloadServer [restartedMain] LiveReload server is running on port 35729
2021-12-29 08:27:01,782 INFO org.apache.juli.logging.DirectJDKLog [restartedMain] Starting ProtocolHandler ["http-nio-8080"]
2021-12-29 08:27:01,792 INFO org.springframework.boot.web.embedded.tomcat.TomcatWebServer [restartedMain] Tomcat started on port(s): 8080 (http) with context path ''
2021-12-29 08:27:02,228 INFO org.springframework.boot.StartupInfoLogger [restartedMain] Started UniversidadesRestApplication in 4.977 seconds (JVM running for 6.69)
2021-12-29 08:27:52,270 INFO org.apache.juli.logging.DirectJDKLog [http-nio-8080-exec-1] Initializing Spring DispatcherServlet 'dispatcherServlet'
2021-12-29 08:27:52,271 INFO org.springframework.web.servlet.FrameworkServlet [http-nio-8080-exec-1] Initializing Servlet 'dispatcherServlet'
2021-12-29 08:27:52,274 INFO org.springframework.web.servlet.FrameworkServlet [http-nio-8080-exec-1] Completed initialization in 3 ms
2021-12-29 08:28:02,812 INFO org.springframework.orm.jpa.AbstractEntityManagerFactoryBean [SpringApplicationShutdownHook] Closing JPA EntityManagerFactory for persistence unit 'default'
2021-12-29 08:28:02,812 INFO org.hibernate.tool.schema.internal.SchemaDropperImpl$DelayedDropActionImpl [SpringApplicationShutdownHook] HHH000477: Starting delayed evictData of schema as part of SessionFactory shut-down'
2021-12-29 08:28:02,861 INFO com.zaxxer.hikari.HikariDataSource [SpringApplicationShutdownHook] HikariPool-1 - Shutdown initiated...
2021-12-29 08:28:02,868 INFO com.zaxxer.hikari.HikariDataSource [SpringApplicationShutdownHook] HikariPool-1 - Shutdown completed.
2021-12-29 08:28:09,104 INFO org.springframework.boot.StartupInfoLogger [restartedMain] Starting UniversidadesRestApplication using Java 11.0.8 on manuel with PID 29903 (/home/manuelr/IBM/universidades-rest/target/classes started by manuelr in /home/manuelr/IBM/universidades-rest)
2021-12-29 08:28:09,120 INFO org.springframework.boot.SpringApplication [restartedMain] No active profile set, falling back to default profiles: default
2021-12-29 08:28:09,111 INFO org.hibernate.validator.internal.util.Version [background-preinit] HV000001: Hibernate Validator 6.2.0.Final
2021-12-29 08:28:09,186 INFO org.springframework.boot.logging.DeferredLog [restartedMain] Devtools property defaults active! Set 'spring.devtools.add-properties' to 'false' to disable
2021-12-29 08:28:09,187 INFO org.springframework.boot.logging.DeferredLog [restartedMain] For additional web related logging consider setting the 'logging.level.web' property to 'DEBUG'
2021-12-29 08:28:10,818 INFO org.springframework.data.repository.config.RepositoryConfigurationDelegate [restartedMain] Bootstrapping Spring Data JPA repositories in DEFAULT mode.
2021-12-29 08:28:10,931 INFO org.springframework.data.repository.config.RepositoryConfigurationDelegate [restartedMain] Finished Spring Data repository scanning in 104 ms. Found 6 JPA repository interfaces.
2021-12-29 08:28:17,046 INFO org.springframework.boot.StartupInfoLogger [restartedMain] Starting UniversidadesRestApplication using Java 11.0.8 on manuel with PID 30086 (/home/manuelr/IBM/universidades-rest/target/classes started by manuelr in /home/manuelr/IBM/universidades-rest)
2021-12-29 08:28:17,049 INFO org.springframework.boot.SpringApplication [restartedMain] No active profile set, falling back to default profiles: default
2021-12-29 08:28:17,050 INFO org.hibernate.validator.internal.util.Version [background-preinit] HV000001: Hibernate Validator 6.2.0.Final
2021-12-29 08:28:17,084 INFO org.springframework.boot.logging.DeferredLog [restartedMain] Devtools property defaults active! Set 'spring.devtools.add-properties' to 'false' to disable
2021-12-29 08:28:17,085 INFO org.springframework.boot.logging.DeferredLog [restartedMain] For additional web related logging consider setting the 'logging.level.web' property to 'DEBUG'
