2021-12-29 08:17:24,237 WARN org.hibernate.engine.jdbc.spi.SqlExceptionHelper$StandardWarningHandler [restartedMain] SQL Warning Code: 0, SQLState: 00000
2021-12-29 08:17:24,238 WARN org.hibernate.engine.jdbc.spi.SqlExceptionHelper$StandardWarningHandler [restartedMain] relation "profesor_carrera" does not exist, skipping
2021-12-29 08:17:24,238 WARN org.hibernate.engine.jdbc.spi.SqlExceptionHelper$StandardWarningHandler [restartedMain] SQL Warning Code: 0, SQLState: 00000
2021-12-29 08:17:24,239 WARN org.hibernate.engine.jdbc.spi.SqlExceptionHelper$StandardWarningHandler [restartedMain] relation "profesores" does not exist, skipping
2021-12-29 08:17:24,239 WARN org.hibernate.engine.jdbc.spi.SqlExceptionHelper$StandardWarningHandler [restartedMain] SQL Warning Code: 0, SQLState: 00000
2021-12-29 08:17:24,239 WARN org.hibernate.engine.jdbc.spi.SqlExceptionHelper$StandardWarningHandler [restartedMain] table "alumnos" does not exist, skipping
2021-12-29 08:17:24,240 WARN org.hibernate.engine.jdbc.spi.SqlExceptionHelper$StandardWarningHandler [restartedMain] SQL Warning Code: 0, SQLState: 00000
2021-12-29 08:17:24,240 WARN org.hibernate.engine.jdbc.spi.SqlExceptionHelper$StandardWarningHandler [restartedMain] table "aulas" does not exist, skipping
2021-12-29 08:17:24,240 WARN org.hibernate.engine.jdbc.spi.SqlExceptionHelper$StandardWarningHandler [restartedMain] SQL Warning Code: 0, SQLState: 00000
2021-12-29 08:17:24,241 WARN org.hibernate.engine.jdbc.spi.SqlExceptionHelper$StandardWarningHandler [restartedMain] table "carreras" does not exist, skipping
2021-12-29 08:17:24,241 WARN org.hibernate.engine.jdbc.spi.SqlExceptionHelper$StandardWarningHandler [restartedMain] SQL Warning Code: 0, SQLState: 00000
2021-12-29 08:17:24,242 WARN org.hibernate.engine.jdbc.spi.SqlExceptionHelper$StandardWarningHandler [restartedMain] table "empleados" does not exist, skipping
2021-12-29 08:17:24,242 WARN org.hibernate.engine.jdbc.spi.SqlExceptionHelper$StandardWarningHandler [restartedMain] SQL Warning Code: 0, SQLState: 00000
2021-12-29 08:17:24,242 WARN org.hibernate.engine.jdbc.spi.SqlExceptionHelper$StandardWarningHandler [restartedMain] table "pabellones" does not exist, skipping
2021-12-29 08:17:24,243 WARN org.hibernate.engine.jdbc.spi.SqlExceptionHelper$StandardWarningHandler [restartedMain] SQL Warning Code: 0, SQLState: 00000
2021-12-29 08:17:24,243 WARN org.hibernate.engine.jdbc.spi.SqlExceptionHelper$StandardWarningHandler [restartedMain] table "personas" does not exist, skipping
2021-12-29 08:17:24,243 WARN org.hibernate.engine.jdbc.spi.SqlExceptionHelper$StandardWarningHandler [restartedMain] SQL Warning Code: 0, SQLState: 00000
2021-12-29 08:17:24,244 WARN org.hibernate.engine.jdbc.spi.SqlExceptionHelper$StandardWarningHandler [restartedMain] table "profesor_carrera" does not exist, skipping
2021-12-29 08:17:24,244 WARN org.hibernate.engine.jdbc.spi.SqlExceptionHelper$StandardWarningHandler [restartedMain] SQL Warning Code: 0, SQLState: 00000
2021-12-29 08:17:24,244 WARN org.hibernate.engine.jdbc.spi.SqlExceptionHelper$StandardWarningHandler [restartedMain] table "profesores" does not exist, skipping
2021-12-29 08:17:24,245 WARN org.hibernate.engine.jdbc.spi.SqlExceptionHelper$StandardWarningHandler [restartedMain] SQL Warning Code: 0, SQLState: 00000
2021-12-29 08:17:24,245 WARN org.hibernate.engine.jdbc.spi.SqlExceptionHelper$StandardWarningHandler [restartedMain] sequence "aula_id_seq" does not exist, skipping
2021-12-29 08:17:24,245 WARN org.hibernate.engine.jdbc.spi.SqlExceptionHelper$StandardWarningHandler [restartedMain] SQL Warning Code: 0, SQLState: 00000
2021-12-29 08:17:24,245 WARN org.hibernate.engine.jdbc.spi.SqlExceptionHelper$StandardWarningHandler [restartedMain] sequence "pabellon_id_seq" does not exist, skipping
2021-12-29 08:17:24,246 WARN org.hibernate.engine.jdbc.spi.SqlExceptionHelper$StandardWarningHandler [restartedMain] SQL Warning Code: 0, SQLState: 00000
2021-12-29 08:17:24,246 WARN org.hibernate.engine.jdbc.spi.SqlExceptionHelper$StandardWarningHandler [restartedMain] sequence "persona_id_seq" does not exist, skipping
2021-12-29 08:17:24,358 INFO org.hibernate.tool.schema.internal.exec.AbstractScriptSourceInput [restartedMain] HHH000476: Executing import script 'file:/home/manuelr/IBM/universidades-rest/target/classes/import.sql'
2021-12-29 08:17:24,421 INFO org.hibernate.engine.transaction.jta.platform.internal.JtaPlatformInitiator [restartedMain] HHH000490: Using JtaPlatform implementation: [org.hibernate.engine.transaction.jta.platform.internal.NoJtaPlatform]
2021-12-29 08:17:24,436 INFO org.springframework.orm.jpa.AbstractEntityManagerFactoryBean [restartedMain] Initialized JPA EntityManagerFactory for persistence unit 'default'
2021-12-29 08:17:25,158 WARN org.springframework.boot.autoconfigure.orm.jpa.JpaBaseConfiguration$JpaWebConfiguration [restartedMain] spring.jpa.open-in-view is enabled by default. Therefore, database queries may be performed during view rendering. Explicitly configure spring.jpa.open-in-view to disable this warning
2021-12-29 08:17:25,370 INFO org.springframework.boot.devtools.autoconfigure.OptionalLiveReloadServer [restartedMain] LiveReload server is running on port 35729
2021-12-29 08:17:25,527 INFO org.apache.juli.logging.DirectJDKLog [restartedMain] Starting ProtocolHandler ["http-nio-8080"]
2021-12-29 08:17:25,536 INFO org.springframework.boot.web.embedded.tomcat.TomcatWebServer [restartedMain] Tomcat started on port(s): 8080 (http) with context path ''
2021-12-29 08:17:25,964 INFO org.springframework.boot.StartupInfoLogger [restartedMain] Started UniversidadesRestApplication in 5.197 seconds (JVM running for 6.211)
2021-12-29 08:17:40,642 INFO org.apache.juli.logging.DirectJDKLog [http-nio-8080-exec-2] Initializing Spring DispatcherServlet 'dispatcherServlet'
2021-12-29 08:17:40,642 INFO org.springframework.web.servlet.FrameworkServlet [http-nio-8080-exec-2] Initializing Servlet 'dispatcherServlet'
2021-12-29 08:17:40,644 INFO org.springframework.web.servlet.FrameworkServlet [http-nio-8080-exec-2] Completed initialization in 2 ms
2021-12-29 08:17:40,656 WARN org.springframework.web.servlet.handler.AbstractHandlerExceptionResolver [http-nio-8080-exec-2] Resolved [org.springframework.web.HttpRequestMethodNotSupportedException: Request method 'DELETE' not supported]
