2021-12-28 12:23:33,190 WARN org.springframework.boot.autoconfigure.orm.jpa.JpaBaseConfiguration$JpaWebConfiguration [restartedMain] spring.jpa.open-in-view is enabled by default. Therefore, database queries may be performed during view rendering. Explicitly configure spring.jpa.open-in-view to disable this warning
2021-12-28 12:23:33,457 INFO org.springframework.boot.devtools.autoconfigure.OptionalLiveReloadServer [restartedMain] LiveReload server is running on port 35729
2021-12-28 12:23:33,642 INFO org.apache.juli.logging.DirectJDKLog [restartedMain] Starting ProtocolHandler ["http-nio-8080"]
2021-12-28 12:23:33,654 INFO org.springframework.boot.web.embedded.tomcat.TomcatWebServer [restartedMain] Tomcat started on port(s): 8080 (http) with context path ''
2021-12-28 12:23:34,201 INFO org.springframework.boot.StartupInfoLogger [restartedMain] Started UniversidadesRestApplication in 6.196 seconds (JVM running for 7.516)
2021-12-28 12:24:39,462 INFO org.springframework.orm.jpa.AbstractEntityManagerFactoryBean [SpringApplicationShutdownHook] Closing JPA EntityManagerFactory for persistence unit 'default'
2021-12-28 12:24:39,463 INFO org.hibernate.tool.schema.internal.SchemaDropperImpl$DelayedDropActionImpl [SpringApplicationShutdownHook] HHH000477: Starting delayed evictData of schema as part of SessionFactory shut-down'
2021-12-28 12:24:39,470 WARN org.hibernate.engine.jdbc.spi.SqlExceptionHelper$StandardWarningHandler [SpringApplicationShutdownHook] SQL Warning Code: 0, SQLState: 00000
2021-12-28 12:24:39,471 WARN org.hibernate.engine.jdbc.spi.SqlExceptionHelper$StandardWarningHandler [SpringApplicationShutdownHook] constraint "fk6b7jscr4yvynh5e1h33b8w1js" of relation "alumnos" does not exist, skipping
2021-12-28 12:24:39,476 WARN org.hibernate.engine.jdbc.spi.SqlExceptionHelper$StandardWarningHandler [SpringApplicationShutdownHook] SQL Warning Code: 0, SQLState: 00000
2021-12-28 12:24:39,476 WARN org.hibernate.engine.jdbc.spi.SqlExceptionHelper$StandardWarningHandler [SpringApplicationShutdownHook] constraint "fk6elkf383e7tk397yr5eviiph2" of relation "empleados" does not exist, skipping
2021-12-28 12:24:39,482 WARN org.hibernate.engine.jdbc.spi.SqlExceptionHelper$StandardWarningHandler [SpringApplicationShutdownHook] SQL Warning Code: 0, SQLState: 00000
2021-12-28 12:24:39,482 WARN org.hibernate.engine.jdbc.spi.SqlExceptionHelper$StandardWarningHandler [SpringApplicationShutdownHook] constraint "fkbj63bxb4npp4y5mvuufmwg7p7" of relation "profesores" does not exist, skipping
2021-12-28 12:24:39,494 WARN org.hibernate.engine.jdbc.spi.SqlExceptionHelper$StandardWarningHandler [SpringApplicationShutdownHook] SQL Warning Code: 0, SQLState: 00000
2021-12-28 12:24:39,495 WARN org.hibernate.engine.jdbc.spi.SqlExceptionHelper$StandardWarningHandler [SpringApplicationShutdownHook] table "personas" does not exist, skipping
2021-12-28 12:24:39,503 INFO com.zaxxer.hikari.HikariDataSource [SpringApplicationShutdownHook] HikariPool-1 - Shutdown initiated...
2021-12-28 12:24:39,510 INFO com.zaxxer.hikari.HikariDataSource [SpringApplicationShutdownHook] HikariPool-1 - Shutdown completed.
2021-12-28 12:24:45,927 INFO org.hibernate.validator.internal.util.Version [background-preinit] HV000001: Hibernate Validator 6.2.0.Final
2021-12-28 12:24:45,926 INFO org.springframework.boot.StartupInfoLogger [restartedMain] Starting UniversidadesRestApplication using Java 11.0.8 on manuel with PID 64671 (/home/manuelr/IBM/universidades-rest/target/classes started by manuelr in /home/manuelr/IBM/universidades-rest)
2021-12-28 12:24:45,944 INFO org.springframework.boot.SpringApplication [restartedMain] No active profile set, falling back to default profiles: default
2021-12-28 12:24:46,073 INFO org.springframework.boot.logging.DeferredLog [restartedMain] Devtools property defaults active! Set 'spring.devtools.add-properties' to 'false' to disable
2021-12-28 12:24:46,074 INFO org.springframework.boot.logging.DeferredLog [restartedMain] For additional web related logging consider setting the 'logging.level.web' property to 'DEBUG'
2021-12-28 12:24:47,099 INFO org.springframework.data.repository.config.RepositoryConfigurationDelegate [restartedMain] Bootstrapping Spring Data JPA repositories in DEFAULT mode.
2021-12-28 12:24:47,165 INFO org.springframework.data.repository.config.RepositoryConfigurationDelegate [restartedMain] Finished Spring Data repository scanning in 57 ms. Found 6 JPA repository interfaces.
2021-12-28 12:24:47,782 INFO org.springframework.boot.web.embedded.tomcat.TomcatWebServer [restartedMain] Tomcat initialized with port(s): 8080 (http)
2021-12-28 12:24:47,791 INFO org.apache.juli.logging.DirectJDKLog [restartedMain] Initializing ProtocolHandler ["http-nio-8080"]
2021-12-28 12:24:47,792 INFO org.apache.juli.logging.DirectJDKLog [restartedMain] Starting service [Tomcat]
2021-12-28 12:24:47,792 INFO org.apache.juli.logging.DirectJDKLog [restartedMain] Starting Servlet engine: [Apache Tomcat/9.0.55]
2021-12-28 12:24:47,882 INFO org.apache.juli.logging.DirectJDKLog [restartedMain] Initializing Spring embedded WebApplicationContext
2021-12-28 12:24:47,882 INFO org.springframework.boot.web.servlet.context.ServletWebServerApplicationContext [restartedMain] Root WebApplicationContext: initialization completed in 1808 ms
2021-12-28 12:24:48,027 INFO org.hibernate.jpa.internal.util.LogHelper [restartedMain] HHH000204: Processing PersistenceUnitInfo [name: default]
2021-12-28 12:24:48,069 INFO org.hibernate.Version [restartedMain] HHH000412: Hibernate ORM core version 5.4.32.Final
2021-12-28 12:24:48,161 INFO org.hibernate.annotations.common.reflection.java.JavaReflectionManager [restartedMain] HCANN000001: Hibernate Commons Annotations {5.1.2.Final}
2021-12-28 12:24:48,242 INFO com.zaxxer.hikari.HikariDataSource [restartedMain] HikariPool-1 - Starting...
2021-12-28 12:24:48,310 INFO com.zaxxer.hikari.HikariDataSource [restartedMain] HikariPool-1 - Start completed.
2021-12-28 12:24:48,327 INFO org.hibernate.dialect.Dialect [restartedMain] HHH000400: Using dialect: org.hibernate.dialect.PostgreSQL10Dialect
2021-12-28 12:24:49,075 WARN org.hibernate.engine.jdbc.spi.SqlExceptionHelper$StandardWarningHandler [restartedMain] SQL Warning Code: 0, SQLState: 00000
2021-12-28 12:24:49,075 WARN org.hibernate.engine.jdbc.spi.SqlExceptionHelper$StandardWarningHandler [restartedMain] relation "alumnos" does not exist, skipping
