2021-12-29 08:08:19,553 WARN org.hibernate.engine.jdbc.spi.SqlExceptionHelper$StandardWarningHandler [restartedMain] relation "alumnos" does not exist, skipping
2021-12-29 08:08:19,554 WARN org.hibernate.engine.jdbc.spi.SqlExceptionHelper$StandardWarningHandler [restartedMain] SQL Warning Code: 0, SQLState: 00000
2021-12-29 08:08:19,555 WARN org.hibernate.engine.jdbc.spi.SqlExceptionHelper$StandardWarningHandler [restartedMain] relation "alumnos" does not exist, skipping
2021-12-29 08:08:19,564 WARN org.hibernate.engine.jdbc.spi.SqlExceptionHelper$StandardWarningHandler [restartedMain] SQL Warning Code: 0, SQLState: 00000
2021-12-29 08:08:19,564 WARN org.hibernate.engine.jdbc.spi.SqlExceptionHelper$StandardWarningHandler [restartedMain] relation "aulas" does not exist, skipping
2021-12-29 08:08:19,566 WARN org.hibernate.engine.jdbc.spi.SqlExceptionHelper$StandardWarningHandler [restartedMain] SQL Warning Code: 0, SQLState: 00000
2021-12-29 08:08:19,566 WARN org.hibernate.engine.jdbc.spi.SqlExceptionHelper$StandardWarningHandler [restartedMain] relation "empleados" does not exist, skipping
2021-12-29 08:08:19,570 WARN org.hibernate.engine.jdbc.spi.SqlExceptionHelper$StandardWarningHandler [restartedMain] SQL Warning Code: 0, SQLState: 00000
2021-12-29 08:08:19,570 WARN org.hibernate.engine.jdbc.spi.SqlExceptionHelper$StandardWarningHandler [restartedMain] relation "empleados" does not exist, skipping
2021-12-29 08:08:19,573 WARN org.hibernate.engine.jdbc.spi.SqlExceptionHelper$StandardWarningHandler [restartedMain] SQL Warning Code: 0, SQLState: 00000
2021-12-29 08:08:19,573 WARN org.hibernate.engine.jdbc.spi.SqlExceptionHelper$StandardWarningHandler [restartedMain] relation "profesor_carrera" does not exist, skipping
2021-12-29 08:08:19,575 WARN org.hibernate.engine.jdbc.spi.SqlExceptionHelper$StandardWarningHandler [restartedMain] SQL Warning Code: 0, SQLState: 00000
2021-12-29 08:08:19,575 WARN org.hibernate.engine.jdbc.spi.SqlExceptionHelper$StandardWarningHandler [restartedMain] relation "profesor_carrera" does not exist, skipping
2021-12-29 08:08:19,576 WARN org.hibernate.engine.jdbc.spi.SqlExceptionHelper$StandardWarningHandler [restartedMain] SQL Warning Code: 0, SQLState: 00000
2021-12-29 08:08:19,576 WARN org.hibernate.engine.jdbc.spi.SqlExceptionHelper$StandardWarningHandler [restartedMain] relation "profesores" does not exist, skipping
2021-12-29 08:08:19,577 WARN org.hibernate.engine.jdbc.spi.SqlExceptionHelper$StandardWarningHandler [restartedMain] SQL Warning Code: 0, SQLState: 00000
2021-12-29 08:08:19,578 WARN org.hibernate.engine.jdbc.spi.SqlExceptionHelper$StandardWarningHandler [restartedMain] table "alumnos" does not exist, skipping
2021-12-29 08:08:19,583 WARN org.hibernate.engine.jdbc.spi.SqlExceptionHelper$StandardWarningHandler [restartedMain] SQL Warning Code: 0, SQLState: 00000
2021-12-29 08:08:19,583 WARN org.hibernate.engine.jdbc.spi.SqlExceptionHelper$StandardWarningHandler [restartedMain] table "aulas" does not exist, skipping
2021-12-29 08:08:19,584 WARN org.hibernate.engine.jdbc.spi.SqlExceptionHelper$StandardWarningHandler [restartedMain] SQL Warning Code: 0, SQLState: 00000
2021-12-29 08:08:19,585 WARN org.hibernate.engine.jdbc.spi.SqlExceptionHelper$StandardWarningHandler [restartedMain] table "carreras" does not exist, skipping
2021-12-29 08:08:19,586 WARN org.hibernate.engine.jdbc.spi.SqlExceptionHelper$StandardWarningHandler [restartedMain] SQL Warning Code: 0, SQLState: 00000
2021-12-29 08:08:19,587 WARN org.hibernate.engine.jdbc.spi.SqlExceptionHelper$StandardWarningHandler [restartedMain] table "empleados" does not exist, skipping
2021-12-29 08:08:19,587 WARN org.hibernate.engine.jdbc.spi.SqlExceptionHelper$StandardWarningHandler [restartedMain] SQL Warning Code: 0, SQLState: 00000
2021-12-29 08:08:19,588 WARN org.hibernate.engine.jdbc.spi.SqlExceptionHelper$StandardWarningHandler [restartedMain] table "pabellones" does not exist, skipping
2021-12-29 08:08:19,588 WARN org.hibernate.engine.jdbc.spi.SqlExceptionHelper$StandardWarningHandler [restartedMain] SQL Warning Code: 0, SQLState: 00000
2021-12-29 08:08:19,589 WARN org.hibernate.engine.jdbc.spi.SqlExceptionHelper$StandardWarningHandler [restartedMain] table "personas" does not exist, skipping
2021-12-29 08:08:19,591 WARN org.hibernate.engine.jdbc.spi.SqlExceptionHelper$StandardWarningHandler [restartedMain] SQL Warning Code: 0, SQLState: 00000
2021-12-29 08:08:19,593 WARN org.hibernate.engine.jdbc.spi.SqlExceptionHelper$StandardWarningHandler [restartedMain] table "profesor_carrera" does not exist, skipping
2021-12-29 08:08:19,594 WARN org.hibernate.engine.jdbc.spi.SqlExceptionHelper$StandardWarningHandler [restartedMain] SQL Warning Code: 0, SQLState: 00000
2021-12-29 08:08:19,596 WARN org.hibernate.engine.jdbc.spi.SqlExceptionHelper$StandardWarningHandler [restartedMain] table "profesores" does not exist, skipping
2021-12-29 08:08:19,597 WARN org.hibernate.engine.jdbc.spi.SqlExceptionHelper$StandardWarningHandler [restartedMain] SQL Warning Code: 0, SQLState: 00000
2021-12-29 08:08:19,597 WARN org.hibernate.engine.jdbc.spi.SqlExceptionHelper$StandardWarningHandler [restartedMain] sequence "aula_id_seq" does not exist, skipping
2021-12-29 08:08:19,598 WARN org.hibernate.engine.jdbc.spi.SqlExceptionHelper$StandardWarningHandler [restartedMain] SQL Warning Code: 0, SQLState: 00000
2021-12-29 08:08:19,598 WARN org.hibernate.engine.jdbc.spi.SqlExceptionHelper$StandardWarningHandler [restartedMain] sequence "pabellon_id_seq" does not exist, skipping
2021-12-29 08:08:19,598 WARN org.hibernate.engine.jdbc.spi.SqlExceptionHelper$StandardWarningHandler [restartedMain] SQL Warning Code: 0, SQLState: 00000
2021-12-29 08:08:19,598 WARN org.hibernate.engine.jdbc.spi.SqlExceptionHelper$StandardWarningHandler [restartedMain] sequence "persona_id_seq" does not exist, skipping
2021-12-29 08:08:19,703 INFO org.hibernate.tool.schema.internal.exec.AbstractScriptSourceInput [restartedMain] HHH000476: Executing import script 'file:/home/manuelr/IBM/universidades-rest/target/classes/import.sql'
2021-12-29 08:08:19,772 INFO org.hibernate.engine.transaction.jta.platform.internal.JtaPlatformInitiator [restartedMain] HHH000490: Using JtaPlatform implementation: [org.hibernate.engine.transaction.jta.platform.internal.NoJtaPlatform]
2021-12-29 08:08:19,773 INFO org.springframework.orm.jpa.AbstractEntityManagerFactoryBean [restartedMain] Initialized JPA EntityManagerFactory for persistence unit 'default'
2021-12-29 08:08:20,066 WARN org.springframework.boot.autoconfigure.orm.jpa.JpaBaseConfiguration$JpaWebConfiguration [restartedMain] spring.jpa.open-in-view is enabled by default. Therefore, database queries may be performed during view rendering. Explicitly configure spring.jpa.open-in-view to disable this warning
2021-12-29 08:08:20,161 INFO org.springframework.boot.devtools.autoconfigure.OptionalLiveReloadServer [restartedMain] LiveReload server is running on port 35729
2021-12-29 08:08:20,235 INFO org.apache.juli.logging.DirectJDKLog [restartedMain] Starting ProtocolHandler ["http-nio-8080"]
2021-12-29 08:08:20,239 INFO org.springframework.boot.web.embedded.tomcat.TomcatWebServer [restartedMain] Tomcat started on port(s): 8080 (http) with context path ''
