2021-12-29 08:10:04,511 INFO org.springframework.boot.web.embedded.tomcat.TomcatWebServer [restartedMain] Tomcat initialized with port(s): 8080 (http)
2021-12-29 08:10:04,528 INFO org.apache.juli.logging.DirectJDKLog [restartedMain] Initializing ProtocolHandler ["http-nio-8080"]
2021-12-29 08:10:04,529 INFO org.apache.juli.logging.DirectJDKLog [restartedMain] Starting service [Tomcat]
2021-12-29 08:10:04,543 INFO org.apache.juli.logging.DirectJDKLog [restartedMain] Starting Servlet engine: [Apache Tomcat/9.0.55]
2021-12-29 08:10:04,642 INFO org.apache.juli.logging.DirectJDKLog [restartedMain] Initializing Spring embedded WebApplicationContext
2021-12-29 08:10:04,643 INFO org.springframework.boot.web.servlet.context.ServletWebServerApplicationContext [restartedMain] Root WebApplicationContext: initialization completed in 3266 ms
2021-12-29 08:10:04,937 INFO org.hibernate.jpa.internal.util.LogHelper [restartedMain] HHH000204: Processing PersistenceUnitInfo [name: default]
2021-12-29 08:10:04,984 INFO org.hibernate.Version [restartedMain] HHH000412: Hibernate ORM core version 5.4.32.Final
2021-12-29 08:10:05,092 INFO org.hibernate.annotations.common.reflection.java.JavaReflectionManager [restartedMain] HCANN000001: Hibernate Commons Annotations {5.1.2.Final}
2021-12-29 08:10:05,193 INFO com.zaxxer.hikari.HikariDataSource [restartedMain] HikariPool-1 - Starting...
2021-12-29 08:10:05,277 INFO com.zaxxer.hikari.HikariDataSource [restartedMain] HikariPool-1 - Start completed.
2021-12-29 08:10:05,300 INFO org.hibernate.dialect.Dialect [restartedMain] HHH000400: Using dialect: org.hibernate.dialect.PostgreSQL10Dialect
2021-12-29 08:10:06,752 WARN org.hibernate.engine.jdbc.spi.SqlExceptionHelper$StandardWarningHandler [restartedMain] SQL Warning Code: 0, SQLState: 00000
2021-12-29 08:10:06,753 WARN org.hibernate.engine.jdbc.spi.SqlExceptionHelper$StandardWarningHandler [restartedMain] relation "alumnos" does not exist, skipping
2021-12-29 08:10:06,753 WARN org.hibernate.engine.jdbc.spi.SqlExceptionHelper$StandardWarningHandler [restartedMain] SQL Warning Code: 0, SQLState: 00000
2021-12-29 08:10:06,754 WARN org.hibernate.engine.jdbc.spi.SqlExceptionHelper$StandardWarningHandler [restartedMain] relation "alumnos" does not exist, skipping
2021-12-29 08:10:06,755 WARN org.hibernate.engine.jdbc.spi.SqlExceptionHelper$StandardWarningHandler [restartedMain] SQL Warning Code: 0, SQLState: 00000
2021-12-29 08:10:06,755 WARN org.hibernate.engine.jdbc.spi.SqlExceptionHelper$StandardWarningHandler [restartedMain] relation "aulas" does not exist, skipping
2021-12-29 08:10:06,757 WARN org.hibernate.engine.jdbc.spi.SqlExceptionHelper$StandardWarningHandler [restartedMain] SQL Warning Code: 0, SQLState: 00000
2021-12-29 08:10:06,758 WARN org.hibernate.engine.jdbc.spi.SqlExceptionHelper$StandardWarningHandler [restartedMain] relation "empleados" does not exist, skipping
2021-12-29 08:10:06,758 WARN org.hibernate.engine.jdbc.spi.SqlExceptionHelper$StandardWarningHandler [restartedMain] SQL Warning Code: 0, SQLState: 00000
2021-12-29 08:10:06,758 WARN org.hibernate.engine.jdbc.spi.SqlExceptionHelper$StandardWarningHandler [restartedMain] relation "empleados" does not exist, skipping
2021-12-29 08:10:06,759 WARN org.hibernate.engine.jdbc.spi.SqlExceptionHelper$StandardWarningHandler [restartedMain] SQL Warning Code: 0, SQLState: 00000
2021-12-29 08:10:06,759 WARN org.hibernate.engine.jdbc.spi.SqlExceptionHelper$StandardWarningHandler [restartedMain] relation "profesor_carrera" does not exist, skipping
2021-12-29 08:10:06,759 WARN org.hibernate.engine.jdbc.spi.SqlExceptionHelper$StandardWarningHandler [restartedMain] SQL Warning Code: 0, SQLState: 00000
2021-12-29 08:10:06,760 WARN org.hibernate.engine.jdbc.spi.SqlExceptionHelper$StandardWarningHandler [restartedMain] relation "profesor_carrera" does not exist, skipping
2021-12-29 08:10:06,760 WARN org.hibernate.engine.jdbc.spi.SqlExceptionHelper$StandardWarningHandler [restartedMain] SQL Warning Code: 0, SQLState: 00000
2021-12-29 08:10:06,760 WARN org.hibernate.engine.jdbc.spi.SqlExceptionHelper$StandardWarningHandler [restartedMain] relation "profesores" does not exist, skipping
2021-12-29 08:10:06,761 WARN org.hibernate.engine.jdbc.spi.SqlExceptionHelper$StandardWarningHandler [restartedMain] SQL Warning Code: 0, SQLState: 00000
2021-12-29 08:10:06,761 WARN org.hibernate.engine.jdbc.spi.SqlExceptionHelper$StandardWarningHandler [restartedMain] table "alumnos" does not exist, skipping
2021-12-29 08:10:06,761 WARN org.hibernate.engine.jdbc.spi.SqlExceptionHelper$StandardWarningHandler [restartedMain] SQL Warning Code: 0, SQLState: 00000
2021-12-29 08:10:06,761 WARN org.hibernate.engine.jdbc.spi.SqlExceptionHelper$StandardWarningHandler [restartedMain] table "aulas" does not exist, skipping
2021-12-29 08:10:06,762 WARN org.hibernate.engine.jdbc.spi.SqlExceptionHelper$StandardWarningHandler [restartedMain] SQL Warning Code: 0, SQLState: 00000
2021-12-29 08:10:06,762 WARN org.hibernate.engine.jdbc.spi.SqlExceptionHelper$StandardWarningHandler [restartedMain] table "carreras" does not exist, skipping
2021-12-29 08:10:06,763 WARN org.hibernate.engine.jdbc.spi.SqlExceptionHelper$StandardWarningHandler [restartedMain] SQL Warning Code: 0, SQLState: 00000
2021-12-29 08:10:06,763 WARN org.hibernate.engine.jdbc.spi.SqlExceptionHelper$StandardWarningHandler [restartedMain] table "empleados" does not exist, skipping
2021-12-29 08:10:06,764 WARN org.hibernate.engine.jdbc.spi.SqlExceptionHelper$StandardWarningHandler [restartedMain] SQL Warning Code: 0, SQLState: 00000
2021-12-29 08:10:06,764 WARN org.hibernate.engine.jdbc.spi.SqlExceptionHelper$StandardWarningHandler [restartedMain] table "pabellones" does not exist, skipping
2021-12-29 08:10:06,765 WARN org.hibernate.engine.jdbc.spi.SqlExceptionHelper$StandardWarningHandler [restartedMain] SQL Warning Code: 0, SQLState: 00000
2021-12-29 08:10:06,765 WARN org.hibernate.engine.jdbc.spi.SqlExceptionHelper$StandardWarningHandler [restartedMain] table "personas" does not exist, skipping
2021-12-29 08:10:06,765 WARN org.hibernate.engine.jdbc.spi.SqlExceptionHelper$StandardWarningHandler [restartedMain] SQL Warning Code: 0, SQLState: 00000
2021-12-29 08:10:06,766 WARN org.hibernate.engine.jdbc.spi.SqlExceptionHelper$StandardWarningHandler [restartedMain] table "profesor_carrera" does not exist, skipping
2021-12-29 08:10:06,766 WARN org.hibernate.engine.jdbc.spi.SqlExceptionHelper$StandardWarningHandler [restartedMain] SQL Warning Code: 0, SQLState: 00000
2021-12-29 08:10:06,766 WARN org.hibernate.engine.jdbc.spi.SqlExceptionHelper$StandardWarningHandler [restartedMain] table "profesores" does not exist, skipping
2021-12-29 08:10:06,767 WARN org.hibernate.engine.jdbc.spi.SqlExceptionHelper$StandardWarningHandler [restartedMain] SQL Warning Code: 0, SQLState: 00000
2021-12-29 08:10:06,767 WARN org.hibernate.engine.jdbc.spi.SqlExceptionHelper$StandardWarningHandler [restartedMain] sequence "aula_id_seq" does not exist, skipping
2021-12-29 08:10:06,767 WARN org.hibernate.engine.jdbc.spi.SqlExceptionHelper$StandardWarningHandler [restartedMain] SQL Warning Code: 0, SQLState: 00000
2021-12-29 08:10:06,767 WARN org.hibernate.engine.jdbc.spi.SqlExceptionHelper$StandardWarningHandler [restartedMain] sequence "pabellon_id_seq" does not exist, skipping
2021-12-29 08:10:06,768 WARN org.hibernate.engine.jdbc.spi.SqlExceptionHelper$StandardWarningHandler [restartedMain] SQL Warning Code: 0, SQLState: 00000
2021-12-29 08:10:06,768 WARN org.hibernate.engine.jdbc.spi.SqlExceptionHelper$StandardWarningHandler [restartedMain] sequence "persona_id_seq" does not exist, skipping
2021-12-29 08:10:06,880 INFO org.hibernate.tool.schema.internal.exec.AbstractScriptSourceInput [restartedMain] HHH000476: Executing import script 'file:/home/manuelr/IBM/universidades-rest/target/classes/import.sql'
2021-12-29 08:10:06,946 INFO org.hibernate.engine.transaction.jta.platform.internal.JtaPlatformInitiator [restartedMain] HHH000490: Using JtaPlatform implementation: [org.hibernate.engine.transaction.jta.platform.internal.NoJtaPlatform]
2021-12-29 08:10:06,956 INFO org.springframework.orm.jpa.AbstractEntityManagerFactoryBean [restartedMain] Initialized JPA EntityManagerFactory for persistence unit 'default'
2021-12-29 08:10:07,981 WARN org.springframework.boot.autoconfigure.orm.jpa.JpaBaseConfiguration$JpaWebConfiguration [restartedMain] spring.jpa.open-in-view is enabled by default. Therefore, database queries may be performed during view rendering. Explicitly configure spring.jpa.open-in-view to disable this warning
2021-12-29 08:10:08,273 INFO org.springframework.boot.devtools.autoconfigure.OptionalLiveReloadServer [restartedMain] LiveReload server is running on port 35729
2021-12-29 08:10:08,469 INFO org.apache.juli.logging.DirectJDKLog [restartedMain] Starting ProtocolHandler ["http-nio-8080"]
2021-12-29 08:10:08,483 INFO org.springframework.boot.web.embedded.tomcat.TomcatWebServer [restartedMain] Tomcat started on port(s): 8080 (http) with context path ''
2021-12-29 08:10:09,101 INFO org.springframework.boot.StartupInfoLogger [restartedMain] Started UniversidadesRestApplication in 8.533 seconds (JVM running for 10.926)
2021-12-29 08:10:16,539 INFO org.springframework.orm.jpa.AbstractEntityManagerFactoryBean [SpringApplicationShutdownHook] Closing JPA EntityManagerFactory for persistence unit 'default'
2021-12-29 08:10:16,540 INFO org.hibernate.tool.schema.internal.SchemaDropperImpl$DelayedDropActionImpl [SpringApplicationShutdownHook] HHH000477: Starting delayed evictData of schema as part of SessionFactory shut-down'
2021-12-29 08:10:16,542 WARN org.hibernate.engine.jdbc.spi.SqlExceptionHelper$StandardWarningHandler [SpringApplicationShutdownHook] SQL Warning Code: 0, SQLState: 00000
2021-12-29 08:10:16,542 WARN org.hibernate.engine.jdbc.spi.SqlExceptionHelper$StandardWarningHandler [SpringApplicationShutdownHook] relation "alumnos" does not exist, skipping
2021-12-29 08:10:16,542 WARN org.hibernate.engine.jdbc.spi.SqlExceptionHelper$StandardWarningHandler [SpringApplicationShutdownHook] SQL Warning Code: 0, SQLState: 00000
2021-12-29 08:10:16,543 WARN org.hibernate.engine.jdbc.spi.SqlExceptionHelper$StandardWarningHandler [SpringApplicationShutdownHook] relation "alumnos" does not exist, skipping
2021-12-29 08:10:16,543 WARN org.hibernate.engine.jdbc.spi.SqlExceptionHelper$StandardWarningHandler [SpringApplicationShutdownHook] SQL Warning Code: 0, SQLState: 00000
2021-12-29 08:10:16,543 WARN org.hibernate.engine.jdbc.spi.SqlExceptionHelper$StandardWarningHandler [SpringApplicationShutdownHook] relation "aulas" does not exist, skipping
2021-12-29 08:10:16,544 WARN org.hibernate.engine.jdbc.spi.SqlExceptionHelper$StandardWarningHandler [SpringApplicationShutdownHook] SQL Warning Code: 0, SQLState: 00000
2021-12-29 08:10:16,544 WARN org.hibernate.engine.jdbc.spi.SqlExceptionHelper$StandardWarningHandler [SpringApplicationShutdownHook] relation "empleados" does not exist, skipping
2021-12-29 08:10:16,544 WARN org.hibernate.engine.jdbc.spi.SqlExceptionHelper$StandardWarningHandler [SpringApplicationShutdownHook] SQL Warning Code: 0, SQLState: 00000
2021-12-29 08:10:16,544 WARN org.hibernate.engine.jdbc.spi.SqlExceptionHelper$StandardWarningHandler [SpringApplicationShutdownHook] relation "empleados" does not exist, skipping
2021-12-29 08:10:16,545 WARN org.hibernate.engine.jdbc.spi.SqlExceptionHelper$StandardWarningHandler [SpringApplicationShutdownHook] SQL Warning Code: 0, SQLState: 00000
2021-12-29 08:10:16,545 WARN org.hibernate.engine.jdbc.spi.SqlExceptionHelper$StandardWarningHandler [SpringApplicationShutdownHook] relation "profesor_carrera" does not exist, skipping
2021-12-29 08:10:16,545 WARN org.hibernate.engine.jdbc.spi.SqlExceptionHelper$StandardWarningHandler [SpringApplicationShutdownHook] SQL Warning Code: 0, SQLState: 00000
2021-12-29 08:10:16,545 WARN org.hibernate.engine.jdbc.spi.SqlExceptionHelper$StandardWarningHandler [SpringApplicationShutdownHook] relation "profesor_carrera" does not exist, skipping
2021-12-29 08:10:16,546 WARN org.hibernate.engine.jdbc.spi.SqlExceptionHelper$StandardWarningHandler [SpringApplicationShutdownHook] SQL Warning Code: 0, SQLState: 00000
2021-12-29 08:10:16,546 WARN org.hibernate.engine.jdbc.spi.SqlExceptionHelper$StandardWarningHandler [SpringApplicationShutdownHook] relation "profesores" does not exist, skipping
2021-12-29 08:10:16,546 WARN org.hibernate.engine.jdbc.spi.SqlExceptionHelper$StandardWarningHandler [SpringApplicationShutdownHook] SQL Warning Code: 0, SQLState: 00000
2021-12-29 08:10:16,547 WARN org.hibernate.engine.jdbc.spi.SqlExceptionHelper$StandardWarningHandler [SpringApplicationShutdownHook] table "alumnos" does not exist, skipping
2021-12-29 08:10:16,547 WARN org.hibernate.engine.jdbc.spi.SqlExceptionHelper$StandardWarningHandler [SpringApplicationShutdownHook] SQL Warning Code: 0, SQLState: 00000
2021-12-29 08:10:16,547 WARN org.hibernate.engine.jdbc.spi.SqlExceptionHelper$StandardWarningHandler [SpringApplicationShutdownHook] table "aulas" does not exist, skipping
2021-12-29 08:10:16,548 WARN org.hibernate.engine.jdbc.spi.SqlExceptionHelper$StandardWarningHandler [SpringApplicationShutdownHook] SQL Warning Code: 0, SQLState: 00000
2021-12-29 08:10:16,548 WARN org.hibernate.engine.jdbc.spi.SqlExceptionHelper$StandardWarningHandler [SpringApplicationShutdownHook] table "carreras" does not exist, skipping
2021-12-29 08:10:16,548 WARN org.hibernate.engine.jdbc.spi.SqlExceptionHelper$StandardWarningHandler [SpringApplicationShutdownHook] SQL Warning Code: 0, SQLState: 00000
2021-12-29 08:10:16,549 WARN org.hibernate.engine.jdbc.spi.SqlExceptionHelper$StandardWarningHandler [SpringApplicationShutdownHook] table "empleados" does not exist, skipping
2021-12-29 08:10:16,549 WARN org.hibernate.engine.jdbc.spi.SqlExceptionHelper$StandardWarningHandler [SpringApplicationShutdownHook] SQL Warning Code: 0, SQLState: 00000
2021-12-29 08:10:16,549 WARN org.hibernate.engine.jdbc.spi.SqlExceptionHelper$StandardWarningHandler [SpringApplicationShutdownHook] table "pabellones" does not exist, skipping
2021-12-29 08:10:16,550 WARN org.hibernate.engine.jdbc.spi.SqlExceptionHelper$StandardWarningHandler [SpringApplicationShutdownHook] SQL Warning Code: 0, SQLState: 00000
2021-12-29 08:10:16,550 WARN org.hibernate.engine.jdbc.spi.SqlExceptionHelper$StandardWarningHandler [SpringApplicationShutdownHook] table "personas" does not exist, skipping
2021-12-29 08:10:16,550 WARN org.hibernate.engine.jdbc.spi.SqlExceptionHelper$StandardWarningHandler [SpringApplicationShutdownHook] SQL Warning Code: 0, SQLState: 00000
2021-12-29 08:10:16,551 WARN org.hibernate.engine.jdbc.spi.SqlExceptionHelper$StandardWarningHandler [SpringApplicationShutdownHook] table "profesor_carrera" does not exist, skipping
2021-12-29 08:10:16,551 WARN org.hibernate.engine.jdbc.spi.SqlExceptionHelper$StandardWarningHandler [SpringApplicationShutdownHook] SQL Warning Code: 0, SQLState: 00000
2021-12-29 08:10:16,551 WARN org.hibernate.engine.jdbc.spi.SqlExceptionHelper$StandardWarningHandler [SpringApplicationShutdownHook] table "profesores" does not exist, skipping
2021-12-29 08:10:16,552 WARN org.hibernate.engine.jdbc.spi.SqlExceptionHelper$StandardWarningHandler [SpringApplicationShutdownHook] SQL Warning Code: 0, SQLState: 00000
2021-12-29 08:10:16,552 WARN org.hibernate.engine.jdbc.spi.SqlExceptionHelper$StandardWarningHandler [SpringApplicationShutdownHook] sequence "aula_id_seq" does not exist, skipping
2021-12-29 08:10:16,552 WARN org.hibernate.engine.jdbc.spi.SqlExceptionHelper$StandardWarningHandler [SpringApplicationShutdownHook] SQL Warning Code: 0, SQLState: 00000
2021-12-29 08:10:16,553 WARN org.hibernate.engine.jdbc.spi.SqlExceptionHelper$StandardWarningHandler [SpringApplicationShutdownHook] sequence "pabellon_id_seq" does not exist, skipping
2021-12-29 08:10:16,553 WARN org.hibernate.engine.jdbc.spi.SqlExceptionHelper$StandardWarningHandler [SpringApplicationShutdownHook] SQL Warning Code: 0, SQLState: 00000
2021-12-29 08:10:16,553 WARN org.hibernate.engine.jdbc.spi.SqlExceptionHelper$StandardWarningHandler [SpringApplicationShutdownHook] sequence "persona_id_seq" does not exist, skipping
2021-12-29 08:10:16,557 INFO com.zaxxer.hikari.HikariDataSource [SpringApplicationShutdownHook] HikariPool-1 - Shutdown initiated...
2021-12-29 08:10:16,566 INFO com.zaxxer.hikari.HikariDataSource [SpringApplicationShutdownHook] HikariPool-1 - Shutdown completed.
